[debug] [2022-06-18T13:26:25.559Z] ----------------------------------------------------------------------
[debug] [2022-06-18T13:26:25.561Z] Command:       C:\Program Files\nodejs\node.exe C:\Users\bogda\AppData\Roaming\npm\node_modules\firebase-tools\lib\bin\firebase.js init
[debug] [2022-06-18T13:26:25.562Z] CLI Version:   11.1.0
[debug] [2022-06-18T13:26:25.562Z] Platform:      win32
[debug] [2022-06-18T13:26:25.562Z] Node Version:  v16.15.0
[debug] [2022-06-18T13:26:25.563Z] Time:          Sat Jun 18 2022 16:26:25 GMT+0300 (Ora de vară a Europei de Est)
[debug] [2022-06-18T13:26:25.564Z] ----------------------------------------------------------------------
[debug] 
[debug] [2022-06-18T13:26:25.573Z] > command requires scopes: ["email","openid","https://www.googleapis.com/auth/cloudplatformprojects.readonly","https://www.googleapis.com/auth/firebase","https://www.googleapis.com/auth/cloud-platform"]
[debug] [2022-06-18T13:26:25.575Z] > authorizing via signed-in user (icspumap@gmail.com)
[info] 
     ######## #### ########  ######## ########     ###     ######  ########
     ##        ##  ##     ## ##       ##     ##  ##   ##  ##       ##
     ######    ##  ########  ######   ########  #########  ######  ######
     ##        ##  ##    ##  ##       ##     ## ##     ##       ## ##
     ##       #### ##     ## ######## ########  ##     ##  ######  ########

You're about to initialize a Firebase project in this directory:

  C:\Users\bogda\Angular\mdb5-free-angular

[info] 
=== Project Setup
[info] 
[info] First, let's associate this project directory with a Firebase project.
[info] You can create multiple project aliases by running firebase use --add, 
[info] but for now we'll just set up a default project.
[info] 
[debug] [2022-06-18T13:26:32.199Z] >>> [apiv2][query] GET https://firebase.googleapis.com/v1beta1/projects pageSize=100
[debug] [2022-06-18T13:26:32.697Z] <<< [apiv2][status] GET https://firebase.googleapis.com/v1beta1/projects 200
[debug] [2022-06-18T13:26:32.697Z] <<< [apiv2][body] GET https://firebase.googleapis.com/v1beta1/projects [omitted]
[info] i  Using project icspumapoliuretanica (icspumapoliuretanica) 
[info] 
=== Hosting Setup
[info] 
[info] Your public directory is the folder (relative to your project directory) that
[info] will contain Hosting assets to be uploaded with firebase deploy. If you
[info] have a build process for your assets, use your build's output directory.
[info] 
[debug] [2022-06-18T13:27:16.550Z] >>> [apiv2][query] GET https://www.gstatic.com/firebasejs/releases.json [none]
[debug] [2022-06-18T13:27:16.650Z] <<< [apiv2][status] GET https://www.gstatic.com/firebasejs/releases.json 200
[debug] [2022-06-18T13:27:16.651Z] <<< [apiv2][body] GET https://www.gstatic.com/firebasejs/releases.json {"current":{"version":"9.8.3","browserURL":"https://www.gstatic.com/firebasejs/9.8.3/firebase.js","packageURL":"https://www.gstatic.com/firebasejs/9.8.3/firebase.tgz"},"live":{"version":"9.8","browserURL":"https://www.gstatic.com/firebasejs/live/9.8/firebase.js","packageURL":"https://www.gstatic.com/firebasejs/live/9.8/firebase.tgz"},"components":{"analytics":"https://www.gstatic.com/firebasejs/9.8.3/firebase-analytics.js","app":"https://www.gstatic.com/firebasejs/9.8.3/firebase-app.js","app-check":"https://www.gstatic.com/firebasejs/9.8.3/firebase-app-check.js","auth":"https://www.gstatic.com/firebasejs/9.8.3/firebase-auth.js","auth/cordova":"https://www.gstatic.com/firebasejs/9.8.3/firebase-auth/cordova.js","auth/react-native":"https://www.gstatic.com/firebasejs/9.8.3/firebase-auth/react-native.js","functions":"https://www.gstatic.com/firebasejs/9.8.3/firebase-functions.js","firestore":"https://www.gstatic.com/firebasejs/9.8.3/firebase-firestore.js","firestore/lite":"https://www.gstatic.com/firebasejs/9.8.3/firebase-firestore/lite.js","storage":"https://www.gstatic.com/firebasejs/9.8.3/firebase-storage.js","performance":"https://www.gstatic.com/firebasejs/9.8.3/firebase-performance.js","remote-config":"https://www.gstatic.com/firebasejs/9.8.3/firebase-remote-config.js","messaging":"https://www.gstatic.com/firebasejs/9.8.3/firebase-messaging.js","messaging/sw":"https://www.gstatic.com/firebasejs/9.8.3/firebase-messaging/sw.js","database":"https://www.gstatic.com/firebasejs/9.8.3/firebase-database.js","firestore.memory":"https://www.gstatic.com/firebasejs/9.8.3/firebase-firestore.memory.js"}}
[info] +  Wrote public/index.html 
[info] 
[info] i  Detected a .git folder at C:\Users\bogda\Angular\mdb5-free-angular 
[info] i  Authorizing with GitHub to upload your service account to a GitHub repository's secrets store. 
[info] 
[info] Visit this URL on this device to log in:
[info] https://github.com/login/oauth/authorize?client_id=89cf50f02ac6aaed3484&state=994130686&redirect_uri=http%3A%2F%2Flocalhost%3A9005&scope=read%3Auser%20repo%20public_repo
[info] 
[info] Waiting for authentication...
[debug] [2022-06-18T13:27:21.182Z] >>> [apiv2][query] POST https://github.com/login/oauth/access_token [none]
[debug] [2022-06-18T13:27:21.182Z] >>> [apiv2][body] POST https://github.com/login/oauth/access_token [stream]
[debug] [2022-06-18T13:27:21.481Z] <<< [apiv2][status] POST https://github.com/login/oauth/access_token 200
[debug] [2022-06-18T13:27:21.482Z] <<< [apiv2][body] POST https://github.com/login/oauth/access_token {"access_token":"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","token_type":"bearer","scope":"read:user,repo"}
[debug] [2022-06-18T13:27:21.489Z] >>> [apiv2][query] GET https://api.github.com/user [none]
[debug] [2022-06-18T13:27:21.787Z] <<< [apiv2][status] GET https://api.github.com/user 200
[debug] [2022-06-18T13:27:21.787Z] <<< [apiv2][body] GET https://api.github.com/user {"login":"icspuma","id":107756705,"node_id":"U_kgDOBmw8oQ","avatar_url":"https://avatars.githubusercontent.com/u/107756705?v=4","gravatar_id":"","url":"https://api.github.com/users/icspuma","html_url":"https://github.com/icspuma","followers_url":"https://api.github.com/users/icspuma/followers","following_url":"https://api.github.com/users/icspuma/following{/other_user}","gists_url":"https://api.github.com/users/icspuma/gists{/gist_id}","starred_url":"https://api.github.com/users/icspuma/starred{/owner}{/repo}","subscriptions_url":"https://api.github.com/users/icspuma/subscriptions","organizations_url":"https://api.github.com/users/icspuma/orgs","repos_url":"https://api.github.com/users/icspuma/repos","events_url":"https://api.github.com/users/icspuma/events{/privacy}","received_events_url":"https://api.github.com/users/icspuma/received_events","type":"User","site_admin":false,"name":null,"company":null,"blog":"","location":null,"email":null,"hireable":null,"bio":null,"twitter_username":null,"public_repos":1,"public_gists":0,"followers":0,"following":0,"created_at":"2022-06-18T12:28:33Z","updated_at":"2022-06-18T12:28:33Z","private_gists":0,"total_private_repos":0,"owned_private_repos":0,"disk_usage":0,"collaborators":0,"two_factor_authentication":false,"plan":{"name":"free","space":976562499,"collaborators":0,"private_repos":10000}}
[info] 
[info] +  Success! Logged into GitHub as icspuma 
[info] 
